<?xml version="1.0" encoding="UTF-8"?>
<testsuite name="SILab2Test" tests="1" skipped="0" failures="0" errors="0" timestamp="2023-05-29T07:30:33" hostname="LAKI" time="0.067">
  <properties/>
  <testcase name="multipleCondition()" classname="SILab2Test" time="0.067"/>
  <system-out><![CDATA[]]></system-out>
  <system-err><![CDATA[]]></system-err>
</testsuite>
