<?xml version="1.0" encoding="UTF-8"?>
<testsuite name="SILab2Test" tests="1" skipped="0" failures="0" errors="0" timestamp="2023-05-26T09:02:15" hostname="LAKI" time="0.05">
  <properties/>
  <testcase name="multipleCondition()" classname="SILab2Test" time="0.05"/>
  <system-out><![CDATA[]]></system-out>
  <system-err><![CDATA[]]></system-err>
</testsuite>
